============================================================
  HDB Resale — ML Pipeline
============================================================
  Started at: 2026-03-26T17:23:12.343795+00:00
  Project root: /Users/nursyaziah/Documents/Document /SIM-UOW/fyp/hdb_resale

============================================================
  Step 1/3: Feature engineering
============================================================
============================================================
HDB Resale — Feature Engineering
============================================================
Loading training data from supabase ...
Traceback (most recent call last):
  File "/Users/nursyaziah/Documents/Document /SIM-UOW/fyp/hdb_resale/scripts/pipeline_orchestration.py", line 398, in run_pipeline
    func()
    ~~~~^^
  File "/Users/nursyaziah/Documents/Document /SIM-UOW/fyp/hdb_resale/scripts/pipeline_orchestration.py", line 123, in run_feature_engineering
    _run_module_main(ML_DIR, "feature_engineering")
    ~~~~~~~~~~~~~~~~^^^^^^^^^^^^^^^^^^^^^^^^^^^^^^^
  File "/Users/nursyaziah/Documents/Document /SIM-UOW/fyp/hdb_resale/scripts/pipeline_orchestration.py", line 70, in _run_module_main
    module.main()
    ~~~~~~~~~~~^^
  File "/Users/nursyaziah/Documents/Document /SIM-UOW/fyp/hdb_resale/ML/feature_engineering.py", line 464, in main
    df, data_source = load_data()
                      ~~~~~~~~~^^
  File "/Users/nursyaziah/Documents/Document /SIM-UOW/fyp/hdb_resale/ML/feature_engineering.py", line 105, in load_data
    df, data_source = load_training_dataframe()
                      ~~~~~~~~~~~~~~~~~~~~~~~^^
  File "/Users/nursyaziah/Documents/Document /SIM-UOW/fyp/hdb_resale/ML/training_data_source.py", line 92, in load_training_dataframe
    conn = _connect_supabase()
  File "/Users/nursyaziah/Documents/Document /SIM-UOW/fyp/hdb_resale/ML/training_data_source.py", line 75, in _connect_supabase
    return psycopg2.connect(SUPABASE_DB_URL)
           ~~~~~~~~~~~~~~~~^^^^^^^^^^^^^^^^^
  File "/Users/nursyaziah/Documents/Document /SIM-UOW/fyp/hdb_resale/.venv/lib/python3.13/site-packages/psycopg2/__init__.py", line 122, in connect
    conn = _connect(dsn, connection_factory=connection_factory, **kwasync)
psycopg2.OperationalError: could not translate host name "aws-1-ap-southeast-1.pooler.supabase.com" to address: nodename nor servname provided, or not known


  FATAL ERROR: could not translate host name "aws-1-ap-southeast-1.pooler.supabase.com" to address: nodename nor servname provided, or not known

